0 info it worked if it ends with ok
1 verbose cli [ 'G:\\laragon\\bin\\nodejs\\node-v6.11.0-x64\\node.exe',
1 verbose cli   'G:\\laragon\\bin\\nodejs\\node-v6.11.0-x64\\node_modules\\npm\\bin\\npm-cli.js',
1 verbose cli   'start' ]
2 info using npm@3.10.10
3 info using node@v6.11.0
4 verbose run-script [ 'prestart', 'start', 'poststart' ]
5 info lifecycle advanced-javascript@0.0.1~prestart: advanced-javascript@0.0.1
6 silly lifecycle advanced-javascript@0.0.1~prestart: no script for prestart, continuing
7 info lifecycle advanced-javascript@0.0.1~start: advanced-javascript@0.0.1
8 verbose lifecycle advanced-javascript@0.0.1~start: unsafe-perm in lifecycle true
9 verbose lifecycle advanced-javascript@0.0.1~start: PATH: G:\laragon\bin\nodejs\node-v6.11.0-x64\node_modules\npm\bin\node-gyp-bin;G:\6 semester\React\advanced-javascript\node_modules\.bin;C:\Users\TinaShen\AppData\Local\Yarn\config\global\node_modules\.bin;C:\Users\TinaShen\AppData\Roaming\npm;C:\Users\TinaShen\AppData\Roaming\Composer\vendor\bin;;G:\laragon\bin\laragon\utils;G:\laragon\bin\mysql\mysql-5.7.19-winx64\bin;G:\laragon\bin\php\php-7.1.7-Win32-VC14-x64;G:\laragon\bin\composer;G:\laragon\bin\apache\httpd-2.4.27-win64-VC14\bin;G:\laragon\bin\redis\redis-x64-3.2.100;G:\laragon\bin\nodejs\node-v6.11.0-x64;G:\laragon\bin\yarn\bin;G:\laragon\bin\nginx\nginx-1.12.0;G:\laragon\bin\notepad++;G:\laragon\bin\telnet;G:\laragon\bin\ngrok;G:\laragon\bin\git\bin;G:\laragon\bin\git\cmd;G:\laragon\bin\git\usr\bin;G:\laragon\bin\git\mingw64\bin;G:\laragon\bin;G:\laragon\usr\bin;G:\laragon\bin\putty;G:\laragon\bin\cmder\bin;C:\WINDOWS\system32;C:\WINDOWS;C:\WINDOWS\System32\Wbem;C:\WINDOWS\System32\WindowsPowerShell\v1.0\;C:\Program Files\Microsoft SQL Server\130\Tools\Binn\;C:\Program Files\nodejs\;C:\Program Files\dotnet\;C:\Program Files\Microsoft\Web Platform Installer\;C:\Users\TinaShen\AppData\Roaming\npm;C:\Users\TinaShen\AppData\Local\Programs\Fiddler;C:\Users\TinaShen\AppData\Local\Microsoft\WindowsApps;;C:\Program Files\Microsoft VS Code\bin;G:\laragon\bin\cmder\;
10 verbose lifecycle advanced-javascript@0.0.1~start: CWD: G:\6 semester\React\advanced-javascript
11 silly lifecycle advanced-javascript@0.0.1~start: Args: [ '/d /s /c', 'http-server -c1' ]
12 silly lifecycle advanced-javascript@0.0.1~start: Returned: code: 3221225786  signal: null
13 info lifecycle advanced-javascript@0.0.1~start: Failed to exec start script
14 verbose stack Error: advanced-javascript@0.0.1 start: `http-server -c1`
14 verbose stack Exit status 3221225786
14 verbose stack     at EventEmitter.<anonymous> (G:\laragon\bin\nodejs\node-v6.11.0-x64\node_modules\npm\lib\utils\lifecycle.js:255:16)
14 verbose stack     at emitTwo (events.js:106:13)
14 verbose stack     at EventEmitter.emit (events.js:191:7)
14 verbose stack     at ChildProcess.<anonymous> (G:\laragon\bin\nodejs\node-v6.11.0-x64\node_modules\npm\lib\utils\spawn.js:40:14)
14 verbose stack     at emitTwo (events.js:106:13)
14 verbose stack     at ChildProcess.emit (events.js:191:7)
14 verbose stack     at maybeClose (internal/child_process.js:891:16)
14 verbose stack     at Process.ChildProcess._handle.onexit (internal/child_process.js:226:5)
15 verbose pkgid advanced-javascript@0.0.1
16 verbose cwd G:\6 semester\React\advanced-javascript\assignments\03
17 error Windows_NT 10.0.16299
18 error argv "G:\\laragon\\bin\\nodejs\\node-v6.11.0-x64\\node.exe" "G:\\laragon\\bin\\nodejs\\node-v6.11.0-x64\\node_modules\\npm\\bin\\npm-cli.js" "start"
19 error node v6.11.0
20 error npm  v3.10.10
21 error code ELIFECYCLE
22 error advanced-javascript@0.0.1 start: `http-server -c1`
22 error Exit status 3221225786
23 error Failed at the advanced-javascript@0.0.1 start script 'http-server -c1'.
23 error Make sure you have the latest version of node.js and npm installed.
23 error If you do, this is most likely a problem with the advanced-javascript package,
23 error not with npm itself.
23 error Tell the author that this fails on your system:
23 error     http-server -c1
23 error You can get information on how to open an issue for this project with:
23 error     npm bugs advanced-javascript
23 error Or if that isn't available, you can get their info via:
23 error     npm owner ls advanced-javascript
23 error There is likely additional logging output above.
24 verbose exit [ 1, true ]
